<?xml version="1.0" encoding="UTF-8"?>
<testsuite xmlns:xsi="http://www.w3.org/2001/XMLSchema-instance" xsi:noNamespaceSchemaLocation="https://maven.apache.org/surefire/maven-surefire-plugin/xsd/surefire-test-report-3.0.xsd" version="3.0" name="TestSuite" time="520.875" tests="12" errors="0" skipped="0" failures="2">
  <properties>
[...]
</properties>
  <testcase name="launchStore" classname="mfstestcases.CodingQuestion1" time="104.071">
    <system-err><![CDATA[[main] INFO io.github.bonigarcia.wdm.WebDriverManager - Using chromedriver 104.0.5112.79 (resolved driver for Chrome 104)
[main] INFO io.github.bonigarcia.wdm.WebDriverManager - Exporting webdriver.chrome.driver as C:\Users\terence.magwenya\.cache\selenium\chromedriver\win32\104.0.5112.79\chromedriver.exe
Starting ChromeDriver 104.0.5112.79 (3cf3e8c8a07d104b9e1260c910efb8f383285dc5-refs/branch-heads/5112@{#1307}) on port 15813
Only local connections are allowed.
Please see https://chromedriver.chromium.org/security-considerations for suggestions on keeping ChromeDriver safe.
ChromeDriver was started successfully.
Aug 22, 2022 8:03:02 PM org.openqa.selenium.remote.ProtocolHandshake createSession
INFO: Detected dialect: W3C
]]></system-err>
  </testcase>
  <testcase name="launchStore" classname="mfstestcases.CodingQuestion1" time="128.152">
    <system-err><![CDATA[[main] INFO io.github.bonigarcia.wdm.WebDriverManager - Using msedgedriver 104.0.1293.63 (resolved driver for Edge 104)
[main] INFO io.github.bonigarcia.wdm.WebDriverManager - Exporting webdriver.edge.driver as C:\Users\terence.magwenya\.cache\selenium\msedgedriver\win64\104.0.1293.63\msedgedriver.exe
Starting Microsoft Edge WebDriver 104.0.1293.63 (7dd22b4a7f122e6953a166b0388edf494d716c7d) on port 22270
To submit feedback, report a bug, or suggest new features, please visit https://github.com/MicrosoftEdge/EdgeWebDriver

Only local connections are allowed.
Please see https://aka.ms/WebDriverSecurity for suggestions on keeping Microsoft Edge WebDriver safe.

Microsoft Edge WebDriver was started successfully.
Aug 22, 2022 8:06:28 PM org.openqa.selenium.remote.ProtocolHandshake createSession
INFO: Detected dialect: W3C
]]></system-err>
  </testcase>
  <testcase name="launchStore" classname="mfstestcases.CodingQuestion1" time="12.744">
    <system-err><![CDATA[[main] INFO io.github.bonigarcia.wdm.WebDriverManager - Using geckodriver 0.31.0 (resolved driver for Firefox 103)
[main] INFO io.github.bonigarcia.wdm.WebDriverManager - Exporting webdriver.gecko.driver as C:\Users\terence.magwenya\.cache\selenium\geckodriver\win64\0.31.0\geckodriver.exe
1661191804640	geckodriver	INFO	Listening on 127.0.0.1:43261
1661191805113	mozrunner::runner	INFO	Running command: "C:\\Program Files\\Mozilla Firefox\\firefox.exe" "--marionette" "-no-remote" "-profile" "C:\\Users\\TERENC~1.MAG\\AppData\\Local\\Temp\\rust_mozprofileE2sspZ"
1661191807007	Marionette	INFO	Marionette enabled
1661191807050	Marionette	INFO	Listening on port 65496
Read port: 65496
Read port: 65496
1661191808541	RemoteAgent	WARN	TLS certificate errors will be ignored for this session
JavaScript error: chrome://browser/content/tabbrowser.js, line 5319: TypeError: this.PictureInPicture is undefined
console.warn: SearchSettings: "get: No settings file exists, new profile?" (new NotFoundError("Could not open the file at C:\\Users\\TERENC~1.MAG\\AppData\\Local\\Temp\\rust_mozprofileE2sspZ\\search.json.mozlz4", (void 0)))
JavaScript error: resource:///modules/CustomizableUI.jsm, line 4114: Error: Area not yet restored
Aug 22, 2022 8:10:10 PM org.openqa.selenium.remote.ProtocolHandshake createSession
INFO: Detected dialect: W3C
console.error: services.settings: 
  main/partitioning-exempt-urls Signature failed  TypeError: NetworkError: Network request failed
]]></system-err>
  </testcase>
  <testcase name="login" classname="mfstestcases.CodingQuestion1" time="16.489"/>
  <testcase name="login" classname="mfstestcases.CodingQuestion1" time="11.544"/>
  <testcase name="login" classname="mfstestcases.CodingQuestion1" time="19.683">
    <failure message="Login Failed  expected [My account - My Store] but found [Login - My Store]" type="java.lang.AssertionError"><![CDATA[java.lang.AssertionError: Login Failed  expected [My account - My Store] but found [Login - My Store]
	at mfstestcases.CodingQuestion1.login(CodingQuestion1.java:38)
]]></failure>
    <system-err><![CDATA[1661191826664	Marionette	WARN	TimedPromise timed out after 500 ms: stacktrace:
TimedPromise/<@chrome://remote/content/marionette/sync.js:237:24
TimedPromise@chrome://remote/content/marionette/sync.js:222:10
interaction.flushEventLoop@chrome://remote/content/marionette/interaction.js:431:10
webdriverClickElement@chrome://remote/content/marionette/interaction.js:179:31
[Parent 24132, IPC I/O Parent] WARNING: file /builds/worker/checkouts/gecko/ipc/chromium/src/base/process_util_win.cc:167
console.warn: LoginRecipes: "getRecipes: falling back to a synchronous message for:" "http://automationpractice.com"
JavaScript error: resource://gre/modules/LoginManagerParent.jsm, line 136: TypeError: gRecipeManager is null
console.warn: LoginRecipes: "getRecipes: falling back to a synchronous message for:" "http://automationpractice.com"
JavaScript error: resource://gre/modules/LoginManagerParent.jsm, line 136: TypeError: gRecipeManager is null
1661191838061	Marionette	WARN	TimedPromise timed out after 500 ms: stacktrace:
TimedPromise/<@chrome://remote/content/marionette/sync.js:237:24
TimedPromise@chrome://remote/content/marionette/sync.js:222:10
interaction.flushEventLoop@chrome://remote/content/marionette/interaction.js:431:10
webdriverClickElement@chrome://remote/content/marionette/interaction.js:179:31
]]></system-err>
  </testcase>
  <testcase name="getTextLableAndPriceForPopularCategory" classname="mfstestcases.CodingQuestion1" time="6.87">
    <system-out><![CDATA[Popular category Prices sorted from Low to High
$16.40 - Printed Chiffon Dress
$16.51 - Faded Short Sleeve T-shirts
$26.00 - Printed Dress
$27.00 - Blouse
$28.98 - Printed Summer Dress
$30.50 - Printed Summer Dress
$50.99 - Printed Dress
]]></system-out>
  </testcase>
  <testcase name="getTextLableAndPriceForPopularCategory" classname="mfstestcases.CodingQuestion1" time="6.463">
    <system-out><![CDATA[Popular category Prices sorted from Low to High
$16.40 - Printed Chiffon Dress
$16.51 - Faded Short Sleeve T-shirts
$26.00 - Printed Dress
$27.00 - Blouse
$28.98 - Printed Summer Dress
$30.50 - Printed Summer Dress
$50.99 - Printed Dress
]]></system-out>
  </testcase>
  <testcase name="getTextLableAndPriceForPopularCategory" classname="mfstestcases.CodingQuestion1" time="10.78">
    <system-out><![CDATA[Popular category Prices sorted from Low to High
]]></system-out>
  </testcase>
  <testcase name="Add_to_cart" classname="mfstestcases.CodingQuestion1" time="58.361">
    <system-out><![CDATA[Quantity is :              3 
Size is :                  M 
color is :                 Pink 
Total Product Cost is :    152.97 
Shipping Cost is :         $2.00 
Total Cost is :            $154.97 
]]></system-out>
  </testcase>
  <testcase name="Add_to_cart" classname="mfstestcases.CodingQuestion1" time="57.602">
    <system-out><![CDATA[Quantity is :              3 
Size is :                  M 
color is :                 Pink 
Total Product Cost is :    152.97 
Shipping Cost is :         $2.00 
Total Cost is :            $154.97 
]]></system-out>
  </testcase>
  <testcase name="Add_to_cart" classname="mfstestcases.CodingQuestion1" time="28.289">
    <failure message="(429, 954) is out of bounds of viewport width (1536) and height (778)&#10;Build info: version: &apos;3.141.59&apos;, revision: &apos;e82be7d358&apos;, time: &apos;2018-11-14T08:17:03&apos;&#10;System info: host: &apos;TMANGWENYA-CAS-&apos;, ip: &apos;192.168.56.1&apos;, os.name: &apos;Windows 10&apos;, os.arch: &apos;amd64&apos;, os.version: &apos;10.0&apos;, java.version: &apos;1.8.0_281&apos;&#10;Driver info: org.openqa.selenium.firefox.FirefoxDriver&#10;Capabilities {acceptInsecureCerts: true, browserName: firefox, browserVersion: 103.0.2, javascriptEnabled: true, moz:accessibilityChecks: false, moz:buildID: 20220808125904, moz:geckodriverVersion: 0.31.0, moz:headless: false, moz:platformVersion: 10.0, moz:processID: 24132, moz:profile: C:\Users\TERENC~1.MAG\AppDa..., moz:shutdownTimeout: 60000, moz:useNonSpecCompliantPointerOrigin: false, moz:webdriverClick: true, moz:windowless: false, pageLoadStrategy: normal, platform: WINDOWS, platformName: WINDOWS, proxy: Proxy(), setWindowRect: true, strictFileInteractability: false, timeouts: {implicit: 0, pageLoad: 300000, script: 30000}, unhandledPromptBehavior: dismiss and notify}&#10;Session ID: 20f4ee5a-6c84-418b-b743-03abea92a2ad" type="org.openqa.selenium.interactions.MoveTargetOutOfBoundsException"><![CDATA[org.openqa.selenium.interactions.MoveTargetOutOfBoundsException: 
(429, 954) is out of bounds of viewport width (1536) and height (778)
Build info: version: '3.141.59', revision: 'e82be7d358', time: '2018-11-14T08:17:03'
System info: host: 'TMANGWENYA-CAS-', ip: '192.168.56.1', os.name: 'Windows 10', os.arch: 'amd64', os.version: '10.0', java.version: '1.8.0_281'
Driver info: org.openqa.selenium.firefox.FirefoxDriver
Capabilities {acceptInsecureCerts: true, browserName: firefox, browserVersion: 103.0.2, javascriptEnabled: true, moz:accessibilityChecks: false, moz:buildID: 20220808125904, moz:geckodriverVersion: 0.31.0, moz:headless: false, moz:platformVersion: 10.0, moz:processID: 24132, moz:profile: C:\Users\TERENC~1.MAG\AppDa..., moz:shutdownTimeout: 60000, moz:useNonSpecCompliantPointerOrigin: false, moz:webdriverClick: true, moz:windowless: false, pageLoadStrategy: normal, platform: WINDOWS, platformName: WINDOWS, proxy: Proxy(), setWindowRect: true, strictFileInteractability: false, timeouts: {implicit: 0, pageLoad: 300000, script: 30000}, unhandledPromptBehavior: dismiss and notify}
Session ID: 20f4ee5a-6c84-418b-b743-03abea92a2ad
	at mfstestcases.CodingQuestion1.Add_to_cart(CodingQuestion1.java:95)
]]></failure>
    <system-err><![CDATA[1661191857972	Marionette	WARN	TimedPromise timed out after 500 ms: stacktrace:
TimedPromise/<@chrome://remote/content/marionette/sync.js:237:24
TimedPromise@chrome://remote/content/marionette/sync.js:222:10
interaction.flushEventLoop@chrome://remote/content/marionette/interaction.js:431:10
webdriverClickElement@chrome://remote/content/marionette/interaction.js:179:31
1661191868614	Marionette	WARN	TimedPromise timed out after 500 ms: stacktrace:
TimedPromise/<@chrome://remote/content/marionette/sync.js:237:24
TimedPromise@chrome://remote/content/marionette/sync.js:222:10
interaction.flushEventLoop@chrome://remote/content/marionette/interaction.js:431:10
webdriverClickElement@chrome://remote/content/marionette/interaction.js:179:31
1661191877312	Marionette	WARN	Ignoring event 'DOMContentLoaded' because document has an invalid readyState of 'complete'.
1661191877711	Marionette	WARN	TimedPromise timed out after 500 ms: stacktrace:
TimedPromise/<@chrome://remote/content/marionette/sync.js:237:24
TimedPromise@chrome://remote/content/marionette/sync.js:222:10
interaction.flushEventLoop@chrome://remote/content/marionette/interaction.js:431:10
webdriverClickElement@chrome://remote/content/marionette/interaction.js:179:31
1661191882147	Marionette	WARN	TimedPromise timed out after 500 ms: stacktrace:
TimedPromise/<@chrome://remote/content/marionette/sync.js:237:24
TimedPromise@chrome://remote/content/marionette/sync.js:222:10
interaction.flushEventLoop@chrome://remote/content/marionette/interaction.js:431:10
webdriverClickElement@chrome://remote/content/marionette/interaction.js:179:31
]]></system-err>
  </testcase>
</testsuite>