<?xml version="1.0" encoding="UTF-8"?>
<!-- Generated by org.testng.reporters.JUnitXMLReporter -->
<testsuite hostname="tmangwenya-cas-lap" ignored="0" name="TestOn Edge" tests="4" failures="0" timestamp="2022-08-22T20:10:02 CAT" time="223.086" errors="0">
  <testcase name="launchStore" time="128.306" classname="mfstestcases.CodingQuestion1"/>
  <testcase name="login" time="11.545" classname="mfstestcases.CodingQuestion1"/>
  <testcase name="getTextLableAndPriceForPopularCategory" time="6.443" classname="mfstestcases.CodingQuestion1"/>
  <testcase name="Add_to_cart" time="57.607" classname="mfstestcases.CodingQuestion1"/>
</testsuite> <!-- TestOn Edge -->
