<?xml version="1.0" encoding="UTF-8"?>
<!-- Generated by org.testng.reporters.JUnitXMLReporter -->
<testsuite hostname="tmangwenya-cas-lap" ignored="0" name="TestOnChrome" tests="4" failures="0" timestamp="2022-08-22T20:06:19 CAT" time="205.987" errors="0">
  <testcase name="launchStore" time="104.266" classname="mfstestcases.CodingQuestion1"/>
  <testcase name="login" time="16.488" classname="mfstestcases.CodingQuestion1"/>
  <testcase name="getTextLableAndPriceForPopularCategory" time="6.857" classname="mfstestcases.CodingQuestion1"/>
  <testcase name="Add_to_cart" time="58.362" classname="mfstestcases.CodingQuestion1"/>
</testsuite> <!-- TestOnChrome -->
